[2025-06-01 20:51:24] local.ERROR: SQLSTATE[42S01]: Base table or view already exists: 1050 Table 'personal_access_tokens' already exists (Connection: mysql, SQL: create table `personal_access_tokens` (`id` bigint unsigned not null auto_increment primary key, `tokenable_type` varchar(255) not null, `tokenable_id` bigint unsigned not null, `name` varchar(255) not null, `token` varchar(64) not null, `abilities` text null, `last_used_at` timestamp null, `expires_at` timestamp null, `created_at` timestamp null, `updated_at` timestamp null) default character set utf8mb4 collate 'utf8mb4_unicode_ci') {"exception":"[object] (Illuminate\\Database\\QueryException(code: 42S01): SQLSTATE[42S01]: Base table or view already exists: 1050 Table 'personal_access_tokens' already exists (Connection: mysql, SQL: create table `personal_access_tokens` (`id` bigint unsigned not null auto_increment primary key, `tokenable_type` varchar(255) not null, `tokenable_id` bigint unsigned not null, `name` varchar(255) not null, `token` varchar(64) not null, `abilities` text null, `last_used_at` timestamp null, `expires_at` timestamp null, `created_at` timestamp null, `updated_at` timestamp null) default character set utf8mb4 collate 'utf8mb4_unicode_ci') at D:\\TAI LIEU HOC\\PHP\\xampp\\htdocs\\c2405l1_giuaky_group03\\vendor\\laravel\\framework\\src\\Illuminate\\Database\\Connection.php:822)
[stacktrace]
#0 D:\\TAI LIEU HOC\\PHP\\xampp\\htdocs\\c2405l1_giuaky_group03\\vendor\\laravel\\framework\\src\\Illuminate\\Database\\Connection.php(776): Illuminate\\Database\\Connection->runQueryCallback('create table `p...', Array, Object(Closure))
#1 D:\\TAI LIEU HOC\\PHP\\xampp\\htdocs\\c2405l1_giuaky_group03\\vendor\\laravel\\framework\\src\\Illuminate\\Database\\Connection.php(557): Illuminate\\Database\\Connection->run('create table `p...', Array, Object(Closure))
#2 D:\\TAI LIEU HOC\\PHP\\xampp\\htdocs\\c2405l1_giuaky_group03\\vendor\\laravel\\framework\\src\\Illuminate\\Database\\Schema\\Blueprint.php(119): Illuminate\\Database\\Connection->statement('create table `p...')
#3 D:\\TAI LIEU HOC\\PHP\\xampp\\htdocs\\c2405l1_giuaky_group03\\vendor\\laravel\\framework\\src\\Illuminate\\Database\\Schema\\Builder.php(618): Illuminate\\Database\\Schema\\Blueprint->build()
#4 D:\\TAI LIEU HOC\\PHP\\xampp\\htdocs\\c2405l1_giuaky_group03\\vendor\\laravel\\framework\\src\\Illuminate\\Database\\Schema\\Builder.php(472): Illuminate\\Database\\Schema\\Builder->build(Object(Illuminate\\Database\\Schema\\Blueprint))
#5 D:\\TAI LIEU HOC\\PHP\\xampp\\htdocs\\c2405l1_giuaky_group03\\vendor\\laravel\\framework\\src\\Illuminate\\Support\\Facades\\Facade.php(361): Illuminate\\Database\\Schema\\Builder->create('personal_access...', Object(Closure))
#6 D:\\TAI LIEU HOC\\PHP\\xampp\\htdocs\\c2405l1_giuaky_group03\\database\\migrations\\2025_06_01_205120_create_personal_access_tokens_table.php(14): Illuminate\\Support\\Facades\\Facade::__callStatic('create', Array)
#7 D:\\TAI LIEU HOC\\PHP\\xampp\\htdocs\\c2405l1_giuaky_group03\\vendor\\laravel\\framework\\src\\Illuminate\\Database\\Migrations\\Migrator.php(514): Illuminate\\Database\\Migrations\\Migration@anonymous->up()
#8 D:\\TAI LIEU HOC\\PHP\\xampp\\htdocs\\c2405l1_giuaky_group03\\vendor\\laravel\\framework\\src\\Illuminate\\Database\\Migrations\\Migrator.php(439): Illuminate\\Database\\Migrations\\Migrator->runMethod(Object(Illuminate\\Database\\MySqlConnection), Object(Illuminate\\Database\\Migrations\\Migration@anonymous), 'up')
#9 D:\\TAI LIEU HOC\\PHP\\xampp\\htdocs\\c2405l1_giuaky_group03\\vendor\\laravel\\framework\\src\\Illuminate\\Database\\Migrations\\Migrator.php(448): Illuminate\\Database\\Migrations\\Migrator->Illuminate\\Database\\Migrations\\{closure}()
#10 D:\\TAI LIEU HOC\\PHP\\xampp\\htdocs\\c2405l1_giuaky_group03\\vendor\\laravel\\framework\\src\\Illuminate\\Database\\Migrations\\Migrator.php(250): Illuminate\\Database\\Migrations\\Migrator->runMigration(Object(Illuminate\\Database\\Migrations\\Migration@anonymous), 'up')
#11 D:\\TAI LIEU HOC\\PHP\\xampp\\htdocs\\c2405l1_giuaky_group03\\vendor\\laravel\\framework\\src\\Illuminate\\Console\\View\\Components\\Task.php(41): Illuminate\\Database\\Migrations\\Migrator->Illuminate\\Database\\Migrations\\{closure}()
#12 D:\\TAI LIEU HOC\\PHP\\xampp\\htdocs\\c2405l1_giuaky_group03\\vendor\\laravel\\framework\\src\\Illuminate\\Database\\Migrations\\Migrator.php(805): Illuminate\\Console\\View\\Components\\Task->render('2025_06_01_2051...', Object(Closure))
#13 D:\\TAI LIEU HOC\\PHP\\xampp\\htdocs\\c2405l1_giuaky_group03\\vendor\\laravel\\framework\\src\\Illuminate\\Database\\Migrations\\Migrator.php(250): Illuminate\\Database\\Migrations\\Migrator->write('Illuminate\\\\Cons...', '2025_06_01_2051...', Object(Closure))
#14 D:\\TAI LIEU HOC\\PHP\\xampp\\htdocs\\c2405l1_giuaky_group03\\vendor\\laravel\\framework\\src\\Illuminate\\Database\\Migrations\\Migrator.php(210): Illuminate\\Database\\Migrations\\Migrator->runUp('D:\\\\TAI LIEU HOC...', 2, false)
#15 D:\\TAI LIEU HOC\\PHP\\xampp\\htdocs\\c2405l1_giuaky_group03\\vendor\\laravel\\framework\\src\\Illuminate\\Database\\Migrations\\Migrator.php(137): Illuminate\\Database\\Migrations\\Migrator->runPending(Array, Array)
#16 D:\\TAI LIEU HOC\\PHP\\xampp\\htdocs\\c2405l1_giuaky_group03\\vendor\\laravel\\framework\\src\\Illuminate\\Database\\Console\\Migrations\\MigrateCommand.php(116): Illuminate\\Database\\Migrations\\Migrator->run(Array, Array)
#17 D:\\TAI LIEU HOC\\PHP\\xampp\\htdocs\\c2405l1_giuaky_group03\\vendor\\laravel\\framework\\src\\Illuminate\\Database\\Migrations\\Migrator.php(665): Illuminate\\Database\\Console\\Migrations\\MigrateCommand->Illuminate\\Database\\Console\\Migrations\\{closure}()
#18 D:\\TAI LIEU HOC\\PHP\\xampp\\htdocs\\c2405l1_giuaky_group03\\vendor\\laravel\\framework\\src\\Illuminate\\Database\\Console\\Migrations\\MigrateCommand.php(109): Illuminate\\Database\\Migrations\\Migrator->usingConnection(NULL, Object(Closure))
#19 D:\\TAI LIEU HOC\\PHP\\xampp\\htdocs\\c2405l1_giuaky_group03\\vendor\\laravel\\framework\\src\\Illuminate\\Database\\Console\\Migrations\\MigrateCommand.php(88): Illuminate\\Database\\Console\\Migrations\\MigrateCommand->runMigrations()
#20 D:\\TAI LIEU HOC\\PHP\\xampp\\htdocs\\c2405l1_giuaky_group03\\vendor\\laravel\\framework\\src\\Illuminate\\Container\\BoundMethod.php(36): Illuminate\\Database\\Console\\Migrations\\MigrateCommand->handle()
#21 D:\\TAI LIEU HOC\\PHP\\xampp\\htdocs\\c2405l1_giuaky_group03\\vendor\\laravel\\framework\\src\\Illuminate\\Container\\Util.php(43): Illuminate\\Container\\BoundMethod::Illuminate\\Container\\{closure}()
#22 D:\\TAI LIEU HOC\\PHP\\xampp\\htdocs\\c2405l1_giuaky_group03\\vendor\\laravel\\framework\\src\\Illuminate\\Container\\BoundMethod.php(96): Illuminate\\Container\\Util::unwrapIfClosure(Object(Closure))
#23 D:\\TAI LIEU HOC\\PHP\\xampp\\htdocs\\c2405l1_giuaky_group03\\vendor\\laravel\\framework\\src\\Illuminate\\Container\\BoundMethod.php(35): Illuminate\\Container\\BoundMethod::callBoundMethod(Object(Illuminate\\Foundation\\Application), Array, Object(Closure))
#24 D:\\TAI LIEU HOC\\PHP\\xampp\\htdocs\\c2405l1_giuaky_group03\\vendor\\laravel\\framework\\src\\Illuminate\\Container\\Container.php(754): Illuminate\\Container\\BoundMethod::call(Object(Illuminate\\Foundation\\Application), Array, Array, NULL)
#25 D:\\TAI LIEU HOC\\PHP\\xampp\\htdocs\\c2405l1_giuaky_group03\\vendor\\laravel\\framework\\src\\Illuminate\\Console\\Command.php(211): Illuminate\\Container\\Container->call(Array)
#26 D:\\TAI LIEU HOC\\PHP\\xampp\\htdocs\\c2405l1_giuaky_group03\\vendor\\symfony\\console\\Command\\Command.php(279): Illuminate\\Console\\Command->execute(Object(Symfony\\Component\\Console\\Input\\ArgvInput), Object(Illuminate\\Console\\OutputStyle))
#27 D:\\TAI LIEU HOC\\PHP\\xampp\\htdocs\\c2405l1_giuaky_group03\\vendor\\laravel\\framework\\src\\Illuminate\\Console\\Command.php(180): Symfony\\Component\\Console\\Command\\Command->run(Object(Symfony\\Component\\Console\\Input\\ArgvInput), Object(Illuminate\\Console\\OutputStyle))
#28 D:\\TAI LIEU HOC\\PHP\\xampp\\htdocs\\c2405l1_giuaky_group03\\vendor\\symfony\\console\\Application.php(1094): Illuminate\\Console\\Command->run(Object(Symfony\\Component\\Console\\Input\\ArgvInput), Object(Symfony\\Component\\Console\\Output\\ConsoleOutput))
#29 D:\\TAI LIEU HOC\\PHP\\xampp\\htdocs\\c2405l1_giuaky_group03\\vendor\\symfony\\console\\Application.php(342): Symfony\\Component\\Console\\Application->doRunCommand(Object(Illuminate\\Database\\Console\\Migrations\\MigrateCommand), Object(Symfony\\Component\\Console\\Input\\ArgvInput), Object(Symfony\\Component\\Console\\Output\\ConsoleOutput))
#30 D:\\TAI LIEU HOC\\PHP\\xampp\\htdocs\\c2405l1_giuaky_group03\\vendor\\symfony\\console\\Application.php(193): Symfony\\Component\\Console\\Application->doRun(Object(Symfony\\Component\\Console\\Input\\ArgvInput), Object(Symfony\\Component\\Console\\Output\\ConsoleOutput))
#31 D:\\TAI LIEU HOC\\PHP\\xampp\\htdocs\\c2405l1_giuaky_group03\\vendor\\laravel\\framework\\src\\Illuminate\\Foundation\\Console\\Kernel.php(197): Symfony\\Component\\Console\\Application->run(Object(Symfony\\Component\\Console\\Input\\ArgvInput), Object(Symfony\\Component\\Console\\Output\\ConsoleOutput))
#32 D:\\TAI LIEU HOC\\PHP\\xampp\\htdocs\\c2405l1_giuaky_group03\\vendor\\laravel\\framework\\src\\Illuminate\\Foundation\\Application.php(1234): Illuminate\\Foundation\\Console\\Kernel->handle(Object(Symfony\\Component\\Console\\Input\\ArgvInput), Object(Symfony\\Component\\Console\\Output\\ConsoleOutput))
#33 D:\\TAI LIEU HOC\\PHP\\xampp\\htdocs\\c2405l1_giuaky_group03\\artisan(16): Illuminate\\Foundation\\Application->handleCommand(Object(Symfony\\Component\\Console\\Input\\ArgvInput))
#34 {main}

[previous exception] [object] (PDOException(code: 42S01): SQLSTATE[42S01]: Base table or view already exists: 1050 Table 'personal_access_tokens' already exists at D:\\TAI LIEU HOC\\PHP\\xampp\\htdocs\\c2405l1_giuaky_group03\\vendor\\laravel\\framework\\src\\Illuminate\\Database\\Connection.php:568)
[stacktrace]
#0 D:\\TAI LIEU HOC\\PHP\\xampp\\htdocs\\c2405l1_giuaky_group03\\vendor\\laravel\\framework\\src\\Illuminate\\Database\\Connection.php(568): PDOStatement->execute()
#1 D:\\TAI LIEU HOC\\PHP\\xampp\\htdocs\\c2405l1_giuaky_group03\\vendor\\laravel\\framework\\src\\Illuminate\\Database\\Connection.php(809): Illuminate\\Database\\Connection->Illuminate\\Database\\{closure}('create table `p...', Array)
#2 D:\\TAI LIEU HOC\\PHP\\xampp\\htdocs\\c2405l1_giuaky_group03\\vendor\\laravel\\framework\\src\\Illuminate\\Database\\Connection.php(776): Illuminate\\Database\\Connection->runQueryCallback('create table `p...', Array, Object(Closure))
#3 D:\\TAI LIEU HOC\\PHP\\xampp\\htdocs\\c2405l1_giuaky_group03\\vendor\\laravel\\framework\\src\\Illuminate\\Database\\Connection.php(557): Illuminate\\Database\\Connection->run('create table `p...', Array, Object(Closure))
#4 D:\\TAI LIEU HOC\\PHP\\xampp\\htdocs\\c2405l1_giuaky_group03\\vendor\\laravel\\framework\\src\\Illuminate\\Database\\Schema\\Blueprint.php(119): Illuminate\\Database\\Connection->statement('create table `p...')
#5 D:\\TAI LIEU HOC\\PHP\\xampp\\htdocs\\c2405l1_giuaky_group03\\vendor\\laravel\\framework\\src\\Illuminate\\Database\\Schema\\Builder.php(618): Illuminate\\Database\\Schema\\Blueprint->build()
#6 D:\\TAI LIEU HOC\\PHP\\xampp\\htdocs\\c2405l1_giuaky_group03\\vendor\\laravel\\framework\\src\\Illuminate\\Database\\Schema\\Builder.php(472): Illuminate\\Database\\Schema\\Builder->build(Object(Illuminate\\Database\\Schema\\Blueprint))
#7 D:\\TAI LIEU HOC\\PHP\\xampp\\htdocs\\c2405l1_giuaky_group03\\vendor\\laravel\\framework\\src\\Illuminate\\Support\\Facades\\Facade.php(361): Illuminate\\Database\\Schema\\Builder->create('personal_access...', Object(Closure))
#8 D:\\TAI LIEU HOC\\PHP\\xampp\\htdocs\\c2405l1_giuaky_group03\\database\\migrations\\2025_06_01_205120_create_personal_access_tokens_table.php(14): Illuminate\\Support\\Facades\\Facade::__callStatic('create', Array)
#9 D:\\TAI LIEU HOC\\PHP\\xampp\\htdocs\\c2405l1_giuaky_group03\\vendor\\laravel\\framework\\src\\Illuminate\\Database\\Migrations\\Migrator.php(514): Illuminate\\Database\\Migrations\\Migration@anonymous->up()
#10 D:\\TAI LIEU HOC\\PHP\\xampp\\htdocs\\c2405l1_giuaky_group03\\vendor\\laravel\\framework\\src\\Illuminate\\Database\\Migrations\\Migrator.php(439): Illuminate\\Database\\Migrations\\Migrator->runMethod(Object(Illuminate\\Database\\MySqlConnection), Object(Illuminate\\Database\\Migrations\\Migration@anonymous), 'up')
#11 D:\\TAI LIEU HOC\\PHP\\xampp\\htdocs\\c2405l1_giuaky_group03\\vendor\\laravel\\framework\\src\\Illuminate\\Database\\Migrations\\Migrator.php(448): Illuminate\\Database\\Migrations\\Migrator->Illuminate\\Database\\Migrations\\{closure}()
#12 D:\\TAI LIEU HOC\\PHP\\xampp\\htdocs\\c2405l1_giuaky_group03\\vendor\\laravel\\framework\\src\\Illuminate\\Database\\Migrations\\Migrator.php(250): Illuminate\\Database\\Migrations\\Migrator->runMigration(Object(Illuminate\\Database\\Migrations\\Migration@anonymous), 'up')
#13 D:\\TAI LIEU HOC\\PHP\\xampp\\htdocs\\c2405l1_giuaky_group03\\vendor\\laravel\\framework\\src\\Illuminate\\Console\\View\\Components\\Task.php(41): Illuminate\\Database\\Migrations\\Migrator->Illuminate\\Database\\Migrations\\{closure}()
#14 D:\\TAI LIEU HOC\\PHP\\xampp\\htdocs\\c2405l1_giuaky_group03\\vendor\\laravel\\framework\\src\\Illuminate\\Database\\Migrations\\Migrator.php(805): Illuminate\\Console\\View\\Components\\Task->render('2025_06_01_2051...', Object(Closure))
#15 D:\\TAI LIEU HOC\\PHP\\xampp\\htdocs\\c2405l1_giuaky_group03\\vendor\\laravel\\framework\\src\\Illuminate\\Database\\Migrations\\Migrator.php(250): Illuminate\\Database\\Migrations\\Migrator->write('Illuminate\\\\Cons...', '2025_06_01_2051...', Object(Closure))
#16 D:\\TAI LIEU HOC\\PHP\\xampp\\htdocs\\c2405l1_giuaky_group03\\vendor\\laravel\\framework\\src\\Illuminate\\Database\\Migrations\\Migrator.php(210): Illuminate\\Database\\Migrations\\Migrator->runUp('D:\\\\TAI LIEU HOC...', 2, false)
#17 D:\\TAI LIEU HOC\\PHP\\xampp\\htdocs\\c2405l1_giuaky_group03\\vendor\\laravel\\framework\\src\\Illuminate\\Database\\Migrations\\Migrator.php(137): Illuminate\\Database\\Migrations\\Migrator->runPending(Array, Array)
#18 D:\\TAI LIEU HOC\\PHP\\xampp\\htdocs\\c2405l1_giuaky_group03\\vendor\\laravel\\framework\\src\\Illuminate\\Database\\Console\\Migrations\\MigrateCommand.php(116): Illuminate\\Database\\Migrations\\Migrator->run(Array, Array)
#19 D:\\TAI LIEU HOC\\PHP\\xampp\\htdocs\\c2405l1_giuaky_group03\\vendor\\laravel\\framework\\src\\Illuminate\\Database\\Migrations\\Migrator.php(665): Illuminate\\Database\\Console\\Migrations\\MigrateCommand->Illuminate\\Database\\Console\\Migrations\\{closure}()
#20 D:\\TAI LIEU HOC\\PHP\\xampp\\htdocs\\c2405l1_giuaky_group03\\vendor\\laravel\\framework\\src\\Illuminate\\Database\\Console\\Migrations\\MigrateCommand.php(109): Illuminate\\Database\\Migrations\\Migrator->usingConnection(NULL, Object(Closure))
#21 D:\\TAI LIEU HOC\\PHP\\xampp\\htdocs\\c2405l1_giuaky_group03\\vendor\\laravel\\framework\\src\\Illuminate\\Database\\Console\\Migrations\\MigrateCommand.php(88): Illuminate\\Database\\Console\\Migrations\\MigrateCommand->runMigrations()
#22 D:\\TAI LIEU HOC\\PHP\\xampp\\htdocs\\c2405l1_giuaky_group03\\vendor\\laravel\\framework\\src\\Illuminate\\Container\\BoundMethod.php(36): Illuminate\\Database\\Console\\Migrations\\MigrateCommand->handle()
#23 D:\\TAI LIEU HOC\\PHP\\xampp\\htdocs\\c2405l1_giuaky_group03\\vendor\\laravel\\framework\\src\\Illuminate\\Container\\Util.php(43): Illuminate\\Container\\BoundMethod::Illuminate\\Container\\{closure}()
#24 D:\\TAI LIEU HOC\\PHP\\xampp\\htdocs\\c2405l1_giuaky_group03\\vendor\\laravel\\framework\\src\\Illuminate\\Container\\BoundMethod.php(96): Illuminate\\Container\\Util::unwrapIfClosure(Object(Closure))
#25 D:\\TAI LIEU HOC\\PHP\\xampp\\htdocs\\c2405l1_giuaky_group03\\vendor\\laravel\\framework\\src\\Illuminate\\Container\\BoundMethod.php(35): Illuminate\\Container\\BoundMethod::callBoundMethod(Object(Illuminate\\Foundation\\Application), Array, Object(Closure))
#26 D:\\TAI LIEU HOC\\PHP\\xampp\\htdocs\\c2405l1_giuaky_group03\\vendor\\laravel\\framework\\src\\Illuminate\\Container\\Container.php(754): Illuminate\\Container\\BoundMethod::call(Object(Illuminate\\Foundation\\Application), Array, Array, NULL)
#27 D:\\TAI LIEU HOC\\PHP\\xampp\\htdocs\\c2405l1_giuaky_group03\\vendor\\laravel\\framework\\src\\Illuminate\\Console\\Command.php(211): Illuminate\\Container\\Container->call(Array)
#28 D:\\TAI LIEU HOC\\PHP\\xampp\\htdocs\\c2405l1_giuaky_group03\\vendor\\symfony\\console\\Command\\Command.php(279): Illuminate\\Console\\Command->execute(Object(Symfony\\Component\\Console\\Input\\ArgvInput), Object(Illuminate\\Console\\OutputStyle))
#29 D:\\TAI LIEU HOC\\PHP\\xampp\\htdocs\\c2405l1_giuaky_group03\\vendor\\laravel\\framework\\src\\Illuminate\\Console\\Command.php(180): Symfony\\Component\\Console\\Command\\Command->run(Object(Symfony\\Component\\Console\\Input\\ArgvInput), Object(Illuminate\\Console\\OutputStyle))
#30 D:\\TAI LIEU HOC\\PHP\\xampp\\htdocs\\c2405l1_giuaky_group03\\vendor\\symfony\\console\\Application.php(1094): Illuminate\\Console\\Command->run(Object(Symfony\\Component\\Console\\Input\\ArgvInput), Object(Symfony\\Component\\Console\\Output\\ConsoleOutput))
#31 D:\\TAI LIEU HOC\\PHP\\xampp\\htdocs\\c2405l1_giuaky_group03\\vendor\\symfony\\console\\Application.php(342): Symfony\\Component\\Console\\Application->doRunCommand(Object(Illuminate\\Database\\Console\\Migrations\\MigrateCommand), Object(Symfony\\Component\\Console\\Input\\ArgvInput), Object(Symfony\\Component\\Console\\Output\\ConsoleOutput))
#32 D:\\TAI LIEU HOC\\PHP\\xampp\\htdocs\\c2405l1_giuaky_group03\\vendor\\symfony\\console\\Application.php(193): Symfony\\Component\\Console\\Application->doRun(Object(Symfony\\Component\\Console\\Input\\ArgvInput), Object(Symfony\\Component\\Console\\Output\\ConsoleOutput))
#33 D:\\TAI LIEU HOC\\PHP\\xampp\\htdocs\\c2405l1_giuaky_group03\\vendor\\laravel\\framework\\src\\Illuminate\\Foundation\\Console\\Kernel.php(197): Symfony\\Component\\Console\\Application->run(Object(Symfony\\Component\\Console\\Input\\ArgvInput), Object(Symfony\\Component\\Console\\Output\\ConsoleOutput))
#34 D:\\TAI LIEU HOC\\PHP\\xampp\\htdocs\\c2405l1_giuaky_group03\\vendor\\laravel\\framework\\src\\Illuminate\\Foundation\\Application.php(1234): Illuminate\\Foundation\\Console\\Kernel->handle(Object(Symfony\\Component\\Console\\Input\\ArgvInput), Object(Symfony\\Component\\Console\\Output\\ConsoleOutput))
#35 D:\\TAI LIEU HOC\\PHP\\xampp\\htdocs\\c2405l1_giuaky_group03\\artisan(16): Illuminate\\Foundation\\Application->handleCommand(Object(Symfony\\Component\\Console\\Input\\ArgvInput))
#36 {main}
"} 
[2025-06-01 20:52:10] local.ERROR: SQLSTATE[42S01]: Base table or view already exists: 1050 Table 'personal_access_tokens' already exists (Connection: mysql, SQL: create table `personal_access_tokens` (`id` bigint unsigned not null auto_increment primary key, `tokenable_type` varchar(255) not null, `tokenable_id` bigint unsigned not null, `name` varchar(255) not null, `token` varchar(64) not null, `abilities` text null, `last_used_at` timestamp null, `expires_at` timestamp null, `created_at` timestamp null, `updated_at` timestamp null) default character set utf8mb4 collate 'utf8mb4_unicode_ci') {"exception":"[object] (Illuminate\\Database\\QueryException(code: 42S01): SQLSTATE[42S01]: Base table or view already exists: 1050 Table 'personal_access_tokens' already exists (Connection: mysql, SQL: create table `personal_access_tokens` (`id` bigint unsigned not null auto_increment primary key, `tokenable_type` varchar(255) not null, `tokenable_id` bigint unsigned not null, `name` varchar(255) not null, `token` varchar(64) not null, `abilities` text null, `last_used_at` timestamp null, `expires_at` timestamp null, `created_at` timestamp null, `updated_at` timestamp null) default character set utf8mb4 collate 'utf8mb4_unicode_ci') at D:\\TAI LIEU HOC\\PHP\\xampp\\htdocs\\c2405l1_giuaky_group03\\vendor\\laravel\\framework\\src\\Illuminate\\Database\\Connection.php:822)
[stacktrace]
#0 D:\\TAI LIEU HOC\\PHP\\xampp\\htdocs\\c2405l1_giuaky_group03\\vendor\\laravel\\framework\\src\\Illuminate\\Database\\Connection.php(776): Illuminate\\Database\\Connection->runQueryCallback('create table `p...', Array, Object(Closure))
#1 D:\\TAI LIEU HOC\\PHP\\xampp\\htdocs\\c2405l1_giuaky_group03\\vendor\\laravel\\framework\\src\\Illuminate\\Database\\Connection.php(557): Illuminate\\Database\\Connection->run('create table `p...', Array, Object(Closure))
#2 D:\\TAI LIEU HOC\\PHP\\xampp\\htdocs\\c2405l1_giuaky_group03\\vendor\\laravel\\framework\\src\\Illuminate\\Database\\Schema\\Blueprint.php(119): Illuminate\\Database\\Connection->statement('create table `p...')
#3 D:\\TAI LIEU HOC\\PHP\\xampp\\htdocs\\c2405l1_giuaky_group03\\vendor\\laravel\\framework\\src\\Illuminate\\Database\\Schema\\Builder.php(618): Illuminate\\Database\\Schema\\Blueprint->build()
#4 D:\\TAI LIEU HOC\\PHP\\xampp\\htdocs\\c2405l1_giuaky_group03\\vendor\\laravel\\framework\\src\\Illuminate\\Database\\Schema\\Builder.php(472): Illuminate\\Database\\Schema\\Builder->build(Object(Illuminate\\Database\\Schema\\Blueprint))
#5 D:\\TAI LIEU HOC\\PHP\\xampp\\htdocs\\c2405l1_giuaky_group03\\vendor\\laravel\\framework\\src\\Illuminate\\Support\\Facades\\Facade.php(361): Illuminate\\Database\\Schema\\Builder->create('personal_access...', Object(Closure))
#6 D:\\TAI LIEU HOC\\PHP\\xampp\\htdocs\\c2405l1_giuaky_group03\\database\\migrations\\2025_06_01_205120_create_personal_access_tokens_table.php(14): Illuminate\\Support\\Facades\\Facade::__callStatic('create', Array)
#7 D:\\TAI LIEU HOC\\PHP\\xampp\\htdocs\\c2405l1_giuaky_group03\\vendor\\laravel\\framework\\src\\Illuminate\\Database\\Migrations\\Migrator.php(514): Illuminate\\Database\\Migrations\\Migration@anonymous->up()
#8 D:\\TAI LIEU HOC\\PHP\\xampp\\htdocs\\c2405l1_giuaky_group03\\vendor\\laravel\\framework\\src\\Illuminate\\Database\\Migrations\\Migrator.php(439): Illuminate\\Database\\Migrations\\Migrator->runMethod(Object(Illuminate\\Database\\MySqlConnection), Object(Illuminate\\Database\\Migrations\\Migration@anonymous), 'up')
#9 D:\\TAI LIEU HOC\\PHP\\xampp\\htdocs\\c2405l1_giuaky_group03\\vendor\\laravel\\framework\\src\\Illuminate\\Database\\Migrations\\Migrator.php(448): Illuminate\\Database\\Migrations\\Migrator->Illuminate\\Database\\Migrations\\{closure}()
#10 D:\\TAI LIEU HOC\\PHP\\xampp\\htdocs\\c2405l1_giuaky_group03\\vendor\\laravel\\framework\\src\\Illuminate\\Database\\Migrations\\Migrator.php(250): Illuminate\\Database\\Migrations\\Migrator->runMigration(Object(Illuminate\\Database\\Migrations\\Migration@anonymous), 'up')
#11 D:\\TAI LIEU HOC\\PHP\\xampp\\htdocs\\c2405l1_giuaky_group03\\vendor\\laravel\\framework\\src\\Illuminate\\Console\\View\\Components\\Task.php(41): Illuminate\\Database\\Migrations\\Migrator->Illuminate\\Database\\Migrations\\{closure}()
#12 D:\\TAI LIEU HOC\\PHP\\xampp\\htdocs\\c2405l1_giuaky_group03\\vendor\\laravel\\framework\\src\\Illuminate\\Database\\Migrations\\Migrator.php(805): Illuminate\\Console\\View\\Components\\Task->render('2025_06_01_2051...', Object(Closure))
#13 D:\\TAI LIEU HOC\\PHP\\xampp\\htdocs\\c2405l1_giuaky_group03\\vendor\\laravel\\framework\\src\\Illuminate\\Database\\Migrations\\Migrator.php(250): Illuminate\\Database\\Migrations\\Migrator->write('Illuminate\\\\Cons...', '2025_06_01_2051...', Object(Closure))
#14 D:\\TAI LIEU HOC\\PHP\\xampp\\htdocs\\c2405l1_giuaky_group03\\vendor\\laravel\\framework\\src\\Illuminate\\Database\\Migrations\\Migrator.php(210): Illuminate\\Database\\Migrations\\Migrator->runUp('D:\\\\TAI LIEU HOC...', 1, false)
#15 D:\\TAI LIEU HOC\\PHP\\xampp\\htdocs\\c2405l1_giuaky_group03\\vendor\\laravel\\framework\\src\\Illuminate\\Database\\Migrations\\Migrator.php(137): Illuminate\\Database\\Migrations\\Migrator->runPending(Array, Array)
#16 D:\\TAI LIEU HOC\\PHP\\xampp\\htdocs\\c2405l1_giuaky_group03\\vendor\\laravel\\framework\\src\\Illuminate\\Database\\Console\\Migrations\\MigrateCommand.php(116): Illuminate\\Database\\Migrations\\Migrator->run(Array, Array)
#17 D:\\TAI LIEU HOC\\PHP\\xampp\\htdocs\\c2405l1_giuaky_group03\\vendor\\laravel\\framework\\src\\Illuminate\\Database\\Migrations\\Migrator.php(665): Illuminate\\Database\\Console\\Migrations\\MigrateCommand->Illuminate\\Database\\Console\\Migrations\\{closure}()
#18 D:\\TAI LIEU HOC\\PHP\\xampp\\htdocs\\c2405l1_giuaky_group03\\vendor\\laravel\\framework\\src\\Illuminate\\Database\\Console\\Migrations\\MigrateCommand.php(109): Illuminate\\Database\\Migrations\\Migrator->usingConnection(NULL, Object(Closure))
#19 D:\\TAI LIEU HOC\\PHP\\xampp\\htdocs\\c2405l1_giuaky_group03\\vendor\\laravel\\framework\\src\\Illuminate\\Database\\Console\\Migrations\\MigrateCommand.php(88): Illuminate\\Database\\Console\\Migrations\\MigrateCommand->runMigrations()
#20 D:\\TAI LIEU HOC\\PHP\\xampp\\htdocs\\c2405l1_giuaky_group03\\vendor\\laravel\\framework\\src\\Illuminate\\Container\\BoundMethod.php(36): Illuminate\\Database\\Console\\Migrations\\MigrateCommand->handle()
#21 D:\\TAI LIEU HOC\\PHP\\xampp\\htdocs\\c2405l1_giuaky_group03\\vendor\\laravel\\framework\\src\\Illuminate\\Container\\Util.php(43): Illuminate\\Container\\BoundMethod::Illuminate\\Container\\{closure}()
#22 D:\\TAI LIEU HOC\\PHP\\xampp\\htdocs\\c2405l1_giuaky_group03\\vendor\\laravel\\framework\\src\\Illuminate\\Container\\BoundMethod.php(96): Illuminate\\Container\\Util::unwrapIfClosure(Object(Closure))
#23 D:\\TAI LIEU HOC\\PHP\\xampp\\htdocs\\c2405l1_giuaky_group03\\vendor\\laravel\\framework\\src\\Illuminate\\Container\\BoundMethod.php(35): Illuminate\\Container\\BoundMethod::callBoundMethod(Object(Illuminate\\Foundation\\Application), Array, Object(Closure))
#24 D:\\TAI LIEU HOC\\PHP\\xampp\\htdocs\\c2405l1_giuaky_group03\\vendor\\laravel\\framework\\src\\Illuminate\\Container\\Container.php(754): Illuminate\\Container\\BoundMethod::call(Object(Illuminate\\Foundation\\Application), Array, Array, NULL)
#25 D:\\TAI LIEU HOC\\PHP\\xampp\\htdocs\\c2405l1_giuaky_group03\\vendor\\laravel\\framework\\src\\Illuminate\\Console\\Command.php(211): Illuminate\\Container\\Container->call(Array)
#26 D:\\TAI LIEU HOC\\PHP\\xampp\\htdocs\\c2405l1_giuaky_group03\\vendor\\symfony\\console\\Command\\Command.php(279): Illuminate\\Console\\Command->execute(Object(Symfony\\Component\\Console\\Input\\ArrayInput), Object(Illuminate\\Console\\OutputStyle))
#27 D:\\TAI LIEU HOC\\PHP\\xampp\\htdocs\\c2405l1_giuaky_group03\\vendor\\laravel\\framework\\src\\Illuminate\\Console\\Command.php(180): Symfony\\Component\\Console\\Command\\Command->run(Object(Symfony\\Component\\Console\\Input\\ArrayInput), Object(Illuminate\\Console\\OutputStyle))
#28 D:\\TAI LIEU HOC\\PHP\\xampp\\htdocs\\c2405l1_giuaky_group03\\vendor\\laravel\\framework\\src\\Illuminate\\Console\\Concerns\\CallsCommands.php(68): Illuminate\\Console\\Command->run(Object(Symfony\\Component\\Console\\Input\\ArrayInput), Object(Illuminate\\Console\\OutputStyle))
#29 D:\\TAI LIEU HOC\\PHP\\xampp\\htdocs\\c2405l1_giuaky_group03\\vendor\\laravel\\framework\\src\\Illuminate\\Console\\Concerns\\CallsCommands.php(29): Illuminate\\Console\\Command->runCommand('migrate', Array, Object(Illuminate\\Console\\OutputStyle))
#30 D:\\TAI LIEU HOC\\PHP\\xampp\\htdocs\\c2405l1_giuaky_group03\\vendor\\laravel\\framework\\src\\Illuminate\\Database\\Console\\Migrations\\FreshCommand.php(81): Illuminate\\Console\\Command->call('migrate', Array)
#31 D:\\TAI LIEU HOC\\PHP\\xampp\\htdocs\\c2405l1_giuaky_group03\\vendor\\laravel\\framework\\src\\Illuminate\\Container\\BoundMethod.php(36): Illuminate\\Database\\Console\\Migrations\\FreshCommand->handle()
#32 D:\\TAI LIEU HOC\\PHP\\xampp\\htdocs\\c2405l1_giuaky_group03\\vendor\\laravel\\framework\\src\\Illuminate\\Container\\Util.php(43): Illuminate\\Container\\BoundMethod::Illuminate\\Container\\{closure}()
#33 D:\\TAI LIEU HOC\\PHP\\xampp\\htdocs\\c2405l1_giuaky_group03\\vendor\\laravel\\framework\\src\\Illuminate\\Container\\BoundMethod.php(96): Illuminate\\Container\\Util::unwrapIfClosure(Object(Closure))
#34 D:\\TAI LIEU HOC\\PHP\\xampp\\htdocs\\c2405l1_giuaky_group03\\vendor\\laravel\\framework\\src\\Illuminate\\Container\\BoundMethod.php(35): Illuminate\\Container\\BoundMethod::callBoundMethod(Object(Illuminate\\Foundation\\Application), Array, Object(Closure))
#35 D:\\TAI LIEU HOC\\PHP\\xampp\\htdocs\\c2405l1_giuaky_group03\\vendor\\laravel\\framework\\src\\Illuminate\\Container\\Container.php(754): Illuminate\\Container\\BoundMethod::call(Object(Illuminate\\Foundation\\Application), Array, Array, NULL)
#36 D:\\TAI LIEU HOC\\PHP\\xampp\\htdocs\\c2405l1_giuaky_group03\\vendor\\laravel\\framework\\src\\Illuminate\\Console\\Command.php(211): Illuminate\\Container\\Container->call(Array)
#37 D:\\TAI LIEU HOC\\PHP\\xampp\\htdocs\\c2405l1_giuaky_group03\\vendor\\symfony\\console\\Command\\Command.php(279): Illuminate\\Console\\Command->execute(Object(Symfony\\Component\\Console\\Input\\ArgvInput), Object(Illuminate\\Console\\OutputStyle))
#38 D:\\TAI LIEU HOC\\PHP\\xampp\\htdocs\\c2405l1_giuaky_group03\\vendor\\laravel\\framework\\src\\Illuminate\\Console\\Command.php(180): Symfony\\Component\\Console\\Command\\Command->run(Object(Symfony\\Component\\Console\\Input\\ArgvInput), Object(Illuminate\\Console\\OutputStyle))
#39 D:\\TAI LIEU HOC\\PHP\\xampp\\htdocs\\c2405l1_giuaky_group03\\vendor\\symfony\\console\\Application.php(1094): Illuminate\\Console\\Command->run(Object(Symfony\\Component\\Console\\Input\\ArgvInput), Object(Symfony\\Component\\Console\\Output\\ConsoleOutput))
#40 D:\\TAI LIEU HOC\\PHP\\xampp\\htdocs\\c2405l1_giuaky_group03\\vendor\\symfony\\console\\Application.php(342): Symfony\\Component\\Console\\Application->doRunCommand(Object(Illuminate\\Database\\Console\\Migrations\\FreshCommand), Object(Symfony\\Component\\Console\\Input\\ArgvInput), Object(Symfony\\Component\\Console\\Output\\ConsoleOutput))
#41 D:\\TAI LIEU HOC\\PHP\\xampp\\htdocs\\c2405l1_giuaky_group03\\vendor\\symfony\\console\\Application.php(193): Symfony\\Component\\Console\\Application->doRun(Object(Symfony\\Component\\Console\\Input\\ArgvInput), Object(Symfony\\Component\\Console\\Output\\ConsoleOutput))
#42 D:\\TAI LIEU HOC\\PHP\\xampp\\htdocs\\c2405l1_giuaky_group03\\vendor\\laravel\\framework\\src\\Illuminate\\Foundation\\Console\\Kernel.php(197): Symfony\\Component\\Console\\Application->run(Object(Symfony\\Component\\Console\\Input\\ArgvInput), Object(Symfony\\Component\\Console\\Output\\ConsoleOutput))
#43 D:\\TAI LIEU HOC\\PHP\\xampp\\htdocs\\c2405l1_giuaky_group03\\vendor\\laravel\\framework\\src\\Illuminate\\Foundation\\Application.php(1234): Illuminate\\Foundation\\Console\\Kernel->handle(Object(Symfony\\Component\\Console\\Input\\ArgvInput), Object(Symfony\\Component\\Console\\Output\\ConsoleOutput))
#44 D:\\TAI LIEU HOC\\PHP\\xampp\\htdocs\\c2405l1_giuaky_group03\\artisan(16): Illuminate\\Foundation\\Application->handleCommand(Object(Symfony\\Component\\Console\\Input\\ArgvInput))
#45 {main}

[previous exception] [object] (PDOException(code: 42S01): SQLSTATE[42S01]: Base table or view already exists: 1050 Table 'personal_access_tokens' already exists at D:\\TAI LIEU HOC\\PHP\\xampp\\htdocs\\c2405l1_giuaky_group03\\vendor\\laravel\\framework\\src\\Illuminate\\Database\\Connection.php:568)
[stacktrace]
#0 D:\\TAI LIEU HOC\\PHP\\xampp\\htdocs\\c2405l1_giuaky_group03\\vendor\\laravel\\framework\\src\\Illuminate\\Database\\Connection.php(568): PDOStatement->execute()
#1 D:\\TAI LIEU HOC\\PHP\\xampp\\htdocs\\c2405l1_giuaky_group03\\vendor\\laravel\\framework\\src\\Illuminate\\Database\\Connection.php(809): Illuminate\\Database\\Connection->Illuminate\\Database\\{closure}('create table `p...', Array)
#2 D:\\TAI LIEU HOC\\PHP\\xampp\\htdocs\\c2405l1_giuaky_group03\\vendor\\laravel\\framework\\src\\Illuminate\\Database\\Connection.php(776): Illuminate\\Database\\Connection->runQueryCallback('create table `p...', Array, Object(Closure))
#3 D:\\TAI LIEU HOC\\PHP\\xampp\\htdocs\\c2405l1_giuaky_group03\\vendor\\laravel\\framework\\src\\Illuminate\\Database\\Connection.php(557): Illuminate\\Database\\Connection->run('create table `p...', Array, Object(Closure))
#4 D:\\TAI LIEU HOC\\PHP\\xampp\\htdocs\\c2405l1_giuaky_group03\\vendor\\laravel\\framework\\src\\Illuminate\\Database\\Schema\\Blueprint.php(119): Illuminate\\Database\\Connection->statement('create table `p...')
#5 D:\\TAI LIEU HOC\\PHP\\xampp\\htdocs\\c2405l1_giuaky_group03\\vendor\\laravel\\framework\\src\\Illuminate\\Database\\Schema\\Builder.php(618): Illuminate\\Database\\Schema\\Blueprint->build()
#6 D:\\TAI LIEU HOC\\PHP\\xampp\\htdocs\\c2405l1_giuaky_group03\\vendor\\laravel\\framework\\src\\Illuminate\\Database\\Schema\\Builder.php(472): Illuminate\\Database\\Schema\\Builder->build(Object(Illuminate\\Database\\Schema\\Blueprint))
#7 D:\\TAI LIEU HOC\\PHP\\xampp\\htdocs\\c2405l1_giuaky_group03\\vendor\\laravel\\framework\\src\\Illuminate\\Support\\Facades\\Facade.php(361): Illuminate\\Database\\Schema\\Builder->create('personal_access...', Object(Closure))
#8 D:\\TAI LIEU HOC\\PHP\\xampp\\htdocs\\c2405l1_giuaky_group03\\database\\migrations\\2025_06_01_205120_create_personal_access_tokens_table.php(14): Illuminate\\Support\\Facades\\Facade::__callStatic('create', Array)
#9 D:\\TAI LIEU HOC\\PHP\\xampp\\htdocs\\c2405l1_giuaky_group03\\vendor\\laravel\\framework\\src\\Illuminate\\Database\\Migrations\\Migrator.php(514): Illuminate\\Database\\Migrations\\Migration@anonymous->up()
#10 D:\\TAI LIEU HOC\\PHP\\xampp\\htdocs\\c2405l1_giuaky_group03\\vendor\\laravel\\framework\\src\\Illuminate\\Database\\Migrations\\Migrator.php(439): Illuminate\\Database\\Migrations\\Migrator->runMethod(Object(Illuminate\\Database\\MySqlConnection), Object(Illuminate\\Database\\Migrations\\Migration@anonymous), 'up')
#11 D:\\TAI LIEU HOC\\PHP\\xampp\\htdocs\\c2405l1_giuaky_group03\\vendor\\laravel\\framework\\src\\Illuminate\\Database\\Migrations\\Migrator.php(448): Illuminate\\Database\\Migrations\\Migrator->Illuminate\\Database\\Migrations\\{closure}()
#12 D:\\TAI LIEU HOC\\PHP\\xampp\\htdocs\\c2405l1_giuaky_group03\\vendor\\laravel\\framework\\src\\Illuminate\\Database\\Migrations\\Migrator.php(250): Illuminate\\Database\\Migrations\\Migrator->runMigration(Object(Illuminate\\Database\\Migrations\\Migration@anonymous), 'up')
#13 D:\\TAI LIEU HOC\\PHP\\xampp\\htdocs\\c2405l1_giuaky_group03\\vendor\\laravel\\framework\\src\\Illuminate\\Console\\View\\Components\\Task.php(41): Illuminate\\Database\\Migrations\\Migrator->Illuminate\\Database\\Migrations\\{closure}()
#14 D:\\TAI LIEU HOC\\PHP\\xampp\\htdocs\\c2405l1_giuaky_group03\\vendor\\laravel\\framework\\src\\Illuminate\\Database\\Migrations\\Migrator.php(805): Illuminate\\Console\\View\\Components\\Task->render('2025_06_01_2051...', Object(Closure))
#15 D:\\TAI LIEU HOC\\PHP\\xampp\\htdocs\\c2405l1_giuaky_group03\\vendor\\laravel\\framework\\src\\Illuminate\\Database\\Migrations\\Migrator.php(250): Illuminate\\Database\\Migrations\\Migrator->write('Illuminate\\\\Cons...', '2025_06_01_2051...', Object(Closure))
#16 D:\\TAI LIEU HOC\\PHP\\xampp\\htdocs\\c2405l1_giuaky_group03\\vendor\\laravel\\framework\\src\\Illuminate\\Database\\Migrations\\Migrator.php(210): Illuminate\\Database\\Migrations\\Migrator->runUp('D:\\\\TAI LIEU HOC...', 1, false)
#17 D:\\TAI LIEU HOC\\PHP\\xampp\\htdocs\\c2405l1_giuaky_group03\\vendor\\laravel\\framework\\src\\Illuminate\\Database\\Migrations\\Migrator.php(137): Illuminate\\Database\\Migrations\\Migrator->runPending(Array, Array)
#18 D:\\TAI LIEU HOC\\PHP\\xampp\\htdocs\\c2405l1_giuaky_group03\\vendor\\laravel\\framework\\src\\Illuminate\\Database\\Console\\Migrations\\MigrateCommand.php(116): Illuminate\\Database\\Migrations\\Migrator->run(Array, Array)
#19 D:\\TAI LIEU HOC\\PHP\\xampp\\htdocs\\c2405l1_giuaky_group03\\vendor\\laravel\\framework\\src\\Illuminate\\Database\\Migrations\\Migrator.php(665): Illuminate\\Database\\Console\\Migrations\\MigrateCommand->Illuminate\\Database\\Console\\Migrations\\{closure}()
#20 D:\\TAI LIEU HOC\\PHP\\xampp\\htdocs\\c2405l1_giuaky_group03\\vendor\\laravel\\framework\\src\\Illuminate\\Database\\Console\\Migrations\\MigrateCommand.php(109): Illuminate\\Database\\Migrations\\Migrator->usingConnection(NULL, Object(Closure))
#21 D:\\TAI LIEU HOC\\PHP\\xampp\\htdocs\\c2405l1_giuaky_group03\\vendor\\laravel\\framework\\src\\Illuminate\\Database\\Console\\Migrations\\MigrateCommand.php(88): Illuminate\\Database\\Console\\Migrations\\MigrateCommand->runMigrations()
#22 D:\\TAI LIEU HOC\\PHP\\xampp\\htdocs\\c2405l1_giuaky_group03\\vendor\\laravel\\framework\\src\\Illuminate\\Container\\BoundMethod.php(36): Illuminate\\Database\\Console\\Migrations\\MigrateCommand->handle()
#23 D:\\TAI LIEU HOC\\PHP\\xampp\\htdocs\\c2405l1_giuaky_group03\\vendor\\laravel\\framework\\src\\Illuminate\\Container\\Util.php(43): Illuminate\\Container\\BoundMethod::Illuminate\\Container\\{closure}()
#24 D:\\TAI LIEU HOC\\PHP\\xampp\\htdocs\\c2405l1_giuaky_group03\\vendor\\laravel\\framework\\src\\Illuminate\\Container\\BoundMethod.php(96): Illuminate\\Container\\Util::unwrapIfClosure(Object(Closure))
#25 D:\\TAI LIEU HOC\\PHP\\xampp\\htdocs\\c2405l1_giuaky_group03\\vendor\\laravel\\framework\\src\\Illuminate\\Container\\BoundMethod.php(35): Illuminate\\Container\\BoundMethod::callBoundMethod(Object(Illuminate\\Foundation\\Application), Array, Object(Closure))
#26 D:\\TAI LIEU HOC\\PHP\\xampp\\htdocs\\c2405l1_giuaky_group03\\vendor\\laravel\\framework\\src\\Illuminate\\Container\\Container.php(754): Illuminate\\Container\\BoundMethod::call(Object(Illuminate\\Foundation\\Application), Array, Array, NULL)
#27 D:\\TAI LIEU HOC\\PHP\\xampp\\htdocs\\c2405l1_giuaky_group03\\vendor\\laravel\\framework\\src\\Illuminate\\Console\\Command.php(211): Illuminate\\Container\\Container->call(Array)
#28 D:\\TAI LIEU HOC\\PHP\\xampp\\htdocs\\c2405l1_giuaky_group03\\vendor\\symfony\\console\\Command\\Command.php(279): Illuminate\\Console\\Command->execute(Object(Symfony\\Component\\Console\\Input\\ArrayInput), Object(Illuminate\\Console\\OutputStyle))
#29 D:\\TAI LIEU HOC\\PHP\\xampp\\htdocs\\c2405l1_giuaky_group03\\vendor\\laravel\\framework\\src\\Illuminate\\Console\\Command.php(180): Symfony\\Component\\Console\\Command\\Command->run(Object(Symfony\\Component\\Console\\Input\\ArrayInput), Object(Illuminate\\Console\\OutputStyle))
#30 D:\\TAI LIEU HOC\\PHP\\xampp\\htdocs\\c2405l1_giuaky_group03\\vendor\\laravel\\framework\\src\\Illuminate\\Console\\Concerns\\CallsCommands.php(68): Illuminate\\Console\\Command->run(Object(Symfony\\Component\\Console\\Input\\ArrayInput), Object(Illuminate\\Console\\OutputStyle))
#31 D:\\TAI LIEU HOC\\PHP\\xampp\\htdocs\\c2405l1_giuaky_group03\\vendor\\laravel\\framework\\src\\Illuminate\\Console\\Concerns\\CallsCommands.php(29): Illuminate\\Console\\Command->runCommand('migrate', Array, Object(Illuminate\\Console\\OutputStyle))
#32 D:\\TAI LIEU HOC\\PHP\\xampp\\htdocs\\c2405l1_giuaky_group03\\vendor\\laravel\\framework\\src\\Illuminate\\Database\\Console\\Migrations\\FreshCommand.php(81): Illuminate\\Console\\Command->call('migrate', Array)
#33 D:\\TAI LIEU HOC\\PHP\\xampp\\htdocs\\c2405l1_giuaky_group03\\vendor\\laravel\\framework\\src\\Illuminate\\Container\\BoundMethod.php(36): Illuminate\\Database\\Console\\Migrations\\FreshCommand->handle()
#34 D:\\TAI LIEU HOC\\PHP\\xampp\\htdocs\\c2405l1_giuaky_group03\\vendor\\laravel\\framework\\src\\Illuminate\\Container\\Util.php(43): Illuminate\\Container\\BoundMethod::Illuminate\\Container\\{closure}()
#35 D:\\TAI LIEU HOC\\PHP\\xampp\\htdocs\\c2405l1_giuaky_group03\\vendor\\laravel\\framework\\src\\Illuminate\\Container\\BoundMethod.php(96): Illuminate\\Container\\Util::unwrapIfClosure(Object(Closure))
#36 D:\\TAI LIEU HOC\\PHP\\xampp\\htdocs\\c2405l1_giuaky_group03\\vendor\\laravel\\framework\\src\\Illuminate\\Container\\BoundMethod.php(35): Illuminate\\Container\\BoundMethod::callBoundMethod(Object(Illuminate\\Foundation\\Application), Array, Object(Closure))
#37 D:\\TAI LIEU HOC\\PHP\\xampp\\htdocs\\c2405l1_giuaky_group03\\vendor\\laravel\\framework\\src\\Illuminate\\Container\\Container.php(754): Illuminate\\Container\\BoundMethod::call(Object(Illuminate\\Foundation\\Application), Array, Array, NULL)
#38 D:\\TAI LIEU HOC\\PHP\\xampp\\htdocs\\c2405l1_giuaky_group03\\vendor\\laravel\\framework\\src\\Illuminate\\Console\\Command.php(211): Illuminate\\Container\\Container->call(Array)
#39 D:\\TAI LIEU HOC\\PHP\\xampp\\htdocs\\c2405l1_giuaky_group03\\vendor\\symfony\\console\\Command\\Command.php(279): Illuminate\\Console\\Command->execute(Object(Symfony\\Component\\Console\\Input\\ArgvInput), Object(Illuminate\\Console\\OutputStyle))
#40 D:\\TAI LIEU HOC\\PHP\\xampp\\htdocs\\c2405l1_giuaky_group03\\vendor\\laravel\\framework\\src\\Illuminate\\Console\\Command.php(180): Symfony\\Component\\Console\\Command\\Command->run(Object(Symfony\\Component\\Console\\Input\\ArgvInput), Object(Illuminate\\Console\\OutputStyle))
#41 D:\\TAI LIEU HOC\\PHP\\xampp\\htdocs\\c2405l1_giuaky_group03\\vendor\\symfony\\console\\Application.php(1094): Illuminate\\Console\\Command->run(Object(Symfony\\Component\\Console\\Input\\ArgvInput), Object(Symfony\\Component\\Console\\Output\\ConsoleOutput))
#42 D:\\TAI LIEU HOC\\PHP\\xampp\\htdocs\\c2405l1_giuaky_group03\\vendor\\symfony\\console\\Application.php(342): Symfony\\Component\\Console\\Application->doRunCommand(Object(Illuminate\\Database\\Console\\Migrations\\FreshCommand), Object(Symfony\\Component\\Console\\Input\\ArgvInput), Object(Symfony\\Component\\Console\\Output\\ConsoleOutput))
#43 D:\\TAI LIEU HOC\\PHP\\xampp\\htdocs\\c2405l1_giuaky_group03\\vendor\\symfony\\console\\Application.php(193): Symfony\\Component\\Console\\Application->doRun(Object(Symfony\\Component\\Console\\Input\\ArgvInput), Object(Symfony\\Component\\Console\\Output\\ConsoleOutput))
#44 D:\\TAI LIEU HOC\\PHP\\xampp\\htdocs\\c2405l1_giuaky_group03\\vendor\\laravel\\framework\\src\\Illuminate\\Foundation\\Console\\Kernel.php(197): Symfony\\Component\\Console\\Application->run(Object(Symfony\\Component\\Console\\Input\\ArgvInput), Object(Symfony\\Component\\Console\\Output\\ConsoleOutput))
#45 D:\\TAI LIEU HOC\\PHP\\xampp\\htdocs\\c2405l1_giuaky_group03\\vendor\\laravel\\framework\\src\\Illuminate\\Foundation\\Application.php(1234): Illuminate\\Foundation\\Console\\Kernel->handle(Object(Symfony\\Component\\Console\\Input\\ArgvInput), Object(Symfony\\Component\\Console\\Output\\ConsoleOutput))
#46 D:\\TAI LIEU HOC\\PHP\\xampp\\htdocs\\c2405l1_giuaky_group03\\artisan(16): Illuminate\\Foundation\\Application->handleCommand(Object(Symfony\\Component\\Console\\Input\\ArgvInput))
#47 {main}
"} 
